<?xml version="1.0" encoding="UTF-8"?>
<!-- Generated by org.testng.reporters.JUnitXMLReporter -->
<testsuite ignored="3" hostname="rb-ssuri" failures="0" tests="6" name="APITest" time="8.861" errors="0" timestamp="2024-05-17T13:29:52 IST">
  <testcase classname="api_tests.CreateWorkingClassHeroesTests" name="createWorkingClassHeroWithDuplicateNatId" time="4.986"/>
  <testcase classname="api_tests.CreateWorkingClassHeroesTests" name="createWorkingClassHeroWithValidInput" time="1.032"/>
  <testcase classname="api_tests.VoucherCountTests" name="checkVoucherCountByPersonType" time="0.127"/>
  <testcase classname="api_tests.CreateWorkingClassHeroesWithVoucherTests" name="createWorkingClassHeroWithVouchers" time="0.34"/>
  <testcase classname="api_tests.CreateWorkingClassHeroesWithVoucherTests" name="createWorkingClassHeroWithoutVouchers" time="0.094"/>
  <testcase classname="api_tests.WorkingClassHeroOwesMoneyTests" name="checkWorkingClassHeroOwesMoney" time="1.353"/>
  <testcase classname="core.BaseClass" name="@BeforeSuite beforeSuite" time="0.0">
    <ignored/>
  </testcase> <!-- @BeforeSuite beforeSuite -->
  <testcase classname="core.BaseClass" name="@BeforeSuite beforeSuite" time="0.0">
    <ignored/>
  </testcase> <!-- @BeforeSuite beforeSuite -->
  <testcase classname="core.BaseClass" name="@BeforeSuite beforeSuite" time="0.0">
    <ignored/>
  </testcase> <!-- @BeforeSuite beforeSuite -->
</testsuite> <!-- APITest -->
