<?xml version="1.0" encoding="UTF-8"?>
<!-- Generated by org.testng.reporters.JUnitXMLReporter -->
<testsuite ignored="3" hostname="knchandra" failures="0" tests="6" name="Test" time="9.781" errors="0" timestamp="2024-05-14T19:41:44 IST">
  <testcase classname="tests.CreateWorkingClassHeroesTests" name="createWorkingClassHeroWithDuplicateNatId" time="1.388"/>
  <testcase classname="tests.CreateWorkingClassHeroesTests" name="createWorkingClassHeroWithValidInput" time="0.293"/>
  <testcase classname="tests.VoucherCountTests" name="checkVoucherCountByPersonType" time="0.031"/>
  <testcase classname="tests.CreateWorkingClassHeroesWithVoucherTests" name="createWorkingClassHeroWithVouchers" time="0.071"/>
  <testcase classname="tests.CreateWorkingClassHeroesWithVoucherTests" name="createWorkingClassHeroWithoutVouchers" time="0.026"/>
  <testcase classname="tests.WorkingClassHeroOwesMoneyTests" name="checkWorkingClassHeroOwesMoney" time="0.42"/>
  <testcase classname="core.BaseClass" name="@BeforeSuite beforeSuite" time="0.0">
    <ignored/>
  </testcase> <!-- @BeforeSuite beforeSuite -->
  <testcase classname="core.BaseClass" name="@BeforeSuite beforeSuite" time="0.0">
    <ignored/>
  </testcase> <!-- @BeforeSuite beforeSuite -->
  <testcase classname="core.BaseClass" name="@BeforeSuite beforeSuite" time="0.0">
    <ignored/>
  </testcase> <!-- @BeforeSuite beforeSuite -->
</testsuite> <!-- Test -->
